<?xml version="1.0" encoding="UTF-8"?>
 <persistence version="2.1"
   xmlns="http://xmlns.jcp.org/xml/ns/persistence" xmlns:xsi="http://www.w3.org/2001/XMLSchema-instance"
   xsi:schemaLocation="
        http://xmlns.jcp.org/xml/ns/persistence
        http://xmlns.jcp.org/xml/ns/persistence/persistence_2_1.xsd">
	<persistence-unit name="primary">
		<class>de.muensterinside.entities.Category</class>
		<class>de.muensterinside.entities.Comment</class>
		<class>de.muensterinside.entities.Device</class>
		<class>de.muensterinside.entities.Location</class>
		<class>de.muensterinside.entities.Vote</class>
		<class>de.muensterinside.entities.BaseEntity</class>
		<class>de.muensterinside.entities.Image</class>
		<properties>
			<!-- Properties for Hibernate -->
			<property name="javax.persistence.jdbc.driver" value="org.h2.Driver" />
			<property name="javax.persistence.jdbc.url" value="jdbc:h2:mem:muensterinside-test" />
			<property name="javax.persistence.jdbc.user" value="sa" />
			<property name="javax.persistence.jdbc.password" value="sa" />
			<property name="hibernate.dialect" value="org.hibernate.dialect.H2Dialect" />
			<property name="hibernate.hbm2ddl.auto" value="create-drop" />
			<property name="show_sql" value="true" />
			<property name="hibernate.temp.use_jdbc_metadata_defaults" value="false" />
		</properties>
	</persistence-unit>
</persistence>